\BOOKMARK [0][-]{chapter*.2}{Introduction}{}% 1
\BOOKMARK [0][-]{chapter.1}{Le\347ons de physique}{}% 2
\BOOKMARK [1][-]{section.1.1}{LP01 Gravitation}{chapter.1}% 3
\BOOKMARK [1][-]{section.1.2}{LP02 Lois de conservation en dynamique}{chapter.1}% 4
\BOOKMARK [1][-]{section.1.3}{LP03 Notion de viscosit\351 d'un fluide. \311coulement visqueux}{chapter.1}% 5
\BOOKMARK [1][-]{section.1.4}{LP04 Mod\350le de l'\351coulement parfait d'un fluide}{chapter.1}% 6
\BOOKMARK [1][-]{section.1.5}{LP05 Ph\351nom\350nes interfaciaux impliquant des liquides}{chapter.1}% 7
\BOOKMARK [1][-]{section.1.6}{LP06 Premier principe de la thermodynamique}{chapter.1}% 8
\BOOKMARK [1][-]{section.1.7}{LP07 Transitions de phase}{chapter.1}% 9
\BOOKMARK [1][-]{section.1.8}{LP08 Ph\351nom\350nes de transport}{chapter.1}% 10
\BOOKMARK [1][-]{section.1.9}{LP09 Conversion de puissance \351lectrom\351canique}{chapter.1}% 11
\BOOKMARK [1][-]{section.1.10}{LP10 Induction \351lectromagn\351tique}{chapter.1}% 12
\BOOKMARK [1][-]{section.1.11}{LP11 R\351troaction et oscillations}{chapter.1}% 13
\BOOKMARK [1][-]{section.1.12}{LP12 Traitement d'un signal, \351tude spectrale}{chapter.1}% 14
\BOOKMARK [1][-]{section.1.13}{LP13 Ondes progressives, ondes stationnaires}{chapter.1}% 15
\BOOKMARK [1][-]{section.1.14}{LP14 Ondes acoustiques}{chapter.1}% 16
\BOOKMARK [1][-]{section.1.15}{LP15 Propagation guid\351e des ondes}{chapter.1}% 17
\BOOKMARK [1][-]{section.1.16}{LP16 Microscopies optiques}{chapter.1}% 18
\BOOKMARK [1][-]{section.1.17}{LP17 Interf\351rences \340 deux ondes en optique}{chapter.1}% 19
\BOOKMARK [1][-]{section.1.18}{LP18 Interf\351rom\351trie \340 division d'amplitude}{chapter.1}% 20
\BOOKMARK [1][-]{section.1.19}{LP19 Diffraction de Fraunhofer}{chapter.1}% 21
\BOOKMARK [1][-]{section.1.20}{LP20 Diffraction par des structures p\351riodiques}{chapter.1}% 22
\BOOKMARK [1][-]{section.1.21}{LP21 Absorption et \351mission de la lumi\350re}{chapter.1}% 23
\BOOKMARK [1][-]{section.1.22}{LP22 Propri\351t\351s macroscopiques des corps ferromagn\351tiques}{chapter.1}% 24
\BOOKMARK [1][-]{section.1.23}{LP23 M\351canismes de la conduction \351lectrique dans les solides}{chapter.1}% 25
\BOOKMARK [1][-]{section.1.24}{LP24 Ph\351nom\350ne de r\351sonance dans diff\351rents domaines de la physique}{chapter.1}% 26
\BOOKMARK [1][-]{section.1.25}{LP25 Oscillateurs ; portraits de phase et non-lin\351arit\351s}{chapter.1}% 27
\BOOKMARK [0][-]{chapter.2}{Le\347ons de chimie}{}% 28
\BOOKMARK [1][-]{section.2.1}{LC01 S\351parations, purifications, contr\364les de puret\351}{chapter.2}% 29
\BOOKMARK [1][-]{section.2.2}{LC02 Chimie durable}{chapter.2}% 30
\BOOKMARK [1][-]{section.2.3}{LC03 Synth\350se inorganique}{chapter.2}% 31
\BOOKMARK [1][-]{section.2.4}{LC04 Strat\351gies et s\351lectivit\351 en synth\350se organique}{chapter.2}% 32
\BOOKMARK [1][-]{section.2.5}{LC05 Dosages}{chapter.2}% 33
\BOOKMARK [1][-]{section.2.6}{LC06 Cin\351tique et catalyse}{chapter.2}% 34
\BOOKMARK [1][-]{section.2.7}{LC07 Capteurs \351lectrochimiques}{chapter.2}% 35
\BOOKMARK [1][-]{section.2.8}{LC08 Mol\351cules de la sant\351}{chapter.2}% 36
\BOOKMARK [1][-]{section.2.9}{LC09 Acides et bases}{chapter.2}% 37
\BOOKMARK [1][-]{section.2.10}{LC10 Solvants}{chapter.2}% 38
\BOOKMARK [1][-]{section.2.11}{LC11 Corps purs et m\351langes binaires}{chapter.2}% 39
\BOOKMARK [1][-]{section.2.12}{LC12 Application du premier principe de la thermodynamique \340 la r\351action chimique}{chapter.2}% 40
\BOOKMARK [1][-]{section.2.13}{LC13 D\351terminations de constantes d'\351quilibre}{chapter.2}% 41
\BOOKMARK [1][-]{section.2.14}{LC14 Cin\351tique homog\350ne}{chapter.2}% 42
\BOOKMARK [1][-]{section.2.15}{LC15 Evolution et \351quilibre chimique}{chapter.2}% 43
\BOOKMARK [1][-]{section.2.16}{LC16 Diagrammes potentiel-pH \(construction exclue}{chapter.2}% 44
\BOOKMARK [1][-]{section.2.17}{LC17 Corrosion humide des m\351taux}{chapter.2}% 45
\BOOKMARK [1][-]{section.2.18}{LC18 Conversion r\351ciproque d'\351nergie \351lectrique en \351nergie chimique}{chapter.2}% 46
\BOOKMARK [1][-]{section.2.19}{LC19 Solubilit\351}{chapter.2}% 47
\BOOKMARK [0][-]{appendix*.124}{Op\351rateurs vectoriels}{}% 48
\BOOKMARK [0][-]{appendix*.131}{Liens}{}% 49
\BOOKMARK [0][-]{appendix*.134}{Bibliographie}{}% 50
